{"D:\\Programming\\TODO-List\\server\\server.js": {"path":"D:\\Programming\\TODO-List\\server\\server.js","statementMap":{"0":{"start":{"line":1,"column":15},"end":{"line":1,"column":32}},"1":{"start":{"line":3,"column":16},"end":{"line":3,"column":34}},"2":{"start":{"line":4,"column":12},"end":{"line":4,"column":21}},"3":{"start":{"line":5,"column":17},"end":{"line":5,"column":36}},"4":{"start":{"line":9,"column":0},"end":{"line":9,"column":24}},"5":{"start":{"line":12,"column":0},"end":{"line":12,"column":49}},"6":{"start":{"line":13,"column":0},"end":{"line":13,"column":47}},"7":{"start":{"line":15,"column":13},"end":{"line":15,"column":37}},"8":{"start":{"line":16,"column":0},"end":{"line":31,"column":1}},"9":{"start":{"line":17,"column":2},"end":{"line":19,"column":5}},"10":{"start":{"line":18,"column":4},"end":{"line":18,"column":50}},"11":{"start":{"line":21,"column":2},"end":{"line":30,"column":7}},"12":{"start":{"line":26,"column":16},"end":{"line":26,"column":46}},"13":{"start":{"line":28,"column":6},"end":{"line":28,"column":27}},"14":{"start":{"line":29,"column":6},"end":{"line":29,"column":22}},"15":{"start":{"line":33,"column":0},"end":{"line":33,"column":21}}},"fnMap":{"0":{"name":"(anonymous_0)","decl":{"start":{"line":17,"column":19},"end":{"line":17,"column":20}},"loc":{"start":{"line":17,"column":25},"end":{"line":19,"column":3}},"line":17},"1":{"name":"(anonymous_1)","decl":{"start":{"line":26,"column":10},"end":{"line":26,"column":11}},"loc":{"start":{"line":26,"column":16},"end":{"line":26,"column":46}},"line":26},"2":{"name":"(anonymous_2)","decl":{"start":{"line":27,"column":11},"end":{"line":27,"column":12}},"loc":{"start":{"line":27,"column":20},"end":{"line":30,"column":5}},"line":27}},"branchMap":{"0":{"loc":{"start":{"line":15,"column":13},"end":{"line":15,"column":37}},"type":"binary-expr","locations":[{"start":{"line":15,"column":13},"end":{"line":15,"column":29}},{"start":{"line":15,"column":33},"end":{"line":15,"column":37}}],"line":15},"1":{"loc":{"start":{"line":16,"column":0},"end":{"line":31,"column":1}},"type":"if","locations":[{"start":{"line":16,"column":0},"end":{"line":31,"column":1}},{"start":{"line":16,"column":0},"end":{"line":31,"column":1}}],"line":16}},"s":{"0":2,"1":2,"2":2,"3":2,"4":2,"5":2,"6":2,"7":2,"8":2,"9":0,"10":0,"11":0,"12":0,"13":0,"14":0,"15":2},"f":{"0":0,"1":0,"2":0},"b":{"0":[2,2],"1":[0,2]},"_coverageSchema":"1a1c01bbd47fc00a2c39e90264f33305004495a9","hash":"e5fca030d9701666e7068315720e9bcbeb2e08cf"}
,"D:\\Programming\\TODO-List\\server\\middleware\\auth.js": {"path":"D:\\Programming\\TODO-List\\server\\middleware\\auth.js","statementMap":{"0":{"start":{"line":2,"column":12},"end":{"line":2,"column":35}},"1":{"start":{"line":3,"column":15},"end":{"line":3,"column":32}},"2":{"start":{"line":5,"column":13},"end":{"line":23,"column":1}},"3":{"start":{"line":6,"column":2},"end":{"line":22,"column":3}},"4":{"start":{"line":8,"column":18},"end":{"line":8,"column":45}},"5":{"start":{"line":9,"column":4},"end":{"line":10,"column":79}},"6":{"start":{"line":10,"column":6},"end":{"line":10,"column":79}},"7":{"start":{"line":13,"column":20},"end":{"line":13,"column":56}},"8":{"start":{"line":14,"column":4},"end":{"line":14,"column":24}},"9":{"start":{"line":15,"column":4},"end":{"line":15,"column":11}},"10":{"start":{"line":17,"column":4},"end":{"line":18,"column":75}},"11":{"start":{"line":18,"column":6},"end":{"line":18,"column":75}},"12":{"start":{"line":20,"column":4},"end":{"line":20,"column":25}},"13":{"start":{"line":21,"column":4},"end":{"line":21,"column":71}},"14":{"start":{"line":25,"column":0},"end":{"line":25,"column":22}}},"fnMap":{"0":{"name":"(anonymous_0)","decl":{"start":{"line":5,"column":13},"end":{"line":5,"column":14}},"loc":{"start":{"line":5,"column":33},"end":{"line":23,"column":1}},"line":5}},"branchMap":{"0":{"loc":{"start":{"line":9,"column":4},"end":{"line":10,"column":79}},"type":"if","locations":[{"start":{"line":9,"column":4},"end":{"line":10,"column":79}},{"start":{"line":9,"column":4},"end":{"line":10,"column":79}}],"line":9},"1":{"loc":{"start":{"line":17,"column":4},"end":{"line":18,"column":75}},"type":"if","locations":[{"start":{"line":17,"column":4},"end":{"line":18,"column":75}},{"start":{"line":17,"column":4},"end":{"line":18,"column":75}}],"line":17}},"s":{"0":2,"1":2,"2":2,"3":4,"4":4,"5":4,"6":1,"7":3,"8":2,"9":2,"10":1,"11":1,"12":0,"13":0,"14":2},"f":{"0":4},"b":{"0":[1,3],"1":[1,0]},"_coverageSchema":"1a1c01bbd47fc00a2c39e90264f33305004495a9","hash":"b75738a4d8e3f0687d56892f48ac14952af9c6e7"}
,"D:\\Programming\\TODO-List\\server\\models\\Todo.js": {"path":"D:\\Programming\\TODO-List\\server\\models\\Todo.js","statementMap":{"0":{"start":{"line":1,"column":17},"end":{"line":1,"column":36}},"1":{"start":{"line":2,"column":21},"end":{"line":2,"column":42}},"2":{"start":{"line":3,"column":19},"end":{"line":8,"column":2}},"3":{"start":{"line":10,"column":13},"end":{"line":10,"column":47}},"4":{"start":{"line":11,"column":0},"end":{"line":11,"column":22}}},"fnMap":{},"branchMap":{},"s":{"0":2,"1":2,"2":2,"3":2,"4":2},"f":{},"b":{},"_coverageSchema":"1a1c01bbd47fc00a2c39e90264f33305004495a9","hash":"b45cb8fd189632a672742087ba7e753073a48388"}
,"D:\\Programming\\TODO-List\\server\\models\\User.js": {"path":"D:\\Programming\\TODO-List\\server\\models\\User.js","statementMap":{"0":{"start":{"line":1,"column":17},"end":{"line":1,"column":36}},"1":{"start":{"line":2,"column":21},"end":{"line":2,"column":42}},"2":{"start":{"line":3,"column":19},"end":{"line":7,"column":2}},"3":{"start":{"line":9,"column":13},"end":{"line":9,"column":47}},"4":{"start":{"line":10,"column":0},"end":{"line":10,"column":22}}},"fnMap":{},"branchMap":{},"s":{"0":2,"1":2,"2":2,"3":2,"4":2},"f":{},"b":{},"_coverageSchema":"1a1c01bbd47fc00a2c39e90264f33305004495a9","hash":"9c282a64cffa21b8c0aeb4a8fd3d70c9b46a74d8"}
,"D:\\Programming\\TODO-List\\server\\routes\\errorFormater.js": {"path":"D:\\Programming\\TODO-List\\server\\routes\\errorFormater.js","statementMap":{"0":{"start":{"line":1,"column":22},"end":{"line":3,"column":1}},"1":{"start":{"line":2,"column":2},"end":{"line":2,"column":41}},"2":{"start":{"line":5,"column":0},"end":{"line":5,"column":31}}},"fnMap":{"0":{"name":"(anonymous_0)","decl":{"start":{"line":1,"column":22},"end":{"line":1,"column":23}},"loc":{"start":{"line":1,"column":37},"end":{"line":3,"column":1}},"line":1}},"branchMap":{},"s":{"0":2,"1":7,"2":2},"f":{"0":7},"b":{},"_coverageSchema":"1a1c01bbd47fc00a2c39e90264f33305004495a9","hash":"3abf3646322a7e6357a74c89cec3c84567d7bac6"}
,"D:\\Programming\\TODO-List\\server\\routes\\todo.js": {"path":"D:\\Programming\\TODO-List\\server\\routes\\todo.js","statementMap":{"0":{"start":{"line":1,"column":16},"end":{"line":1,"column":34}},"1":{"start":{"line":2,"column":15},"end":{"line":2,"column":31}},"2":{"start":{"line":3,"column":36},"end":{"line":3,"column":64}},"3":{"start":{"line":4,"column":13},"end":{"line":4,"column":38}},"4":{"start":{"line":5,"column":13},"end":{"line":5,"column":38}},"5":{"start":{"line":6,"column":13},"end":{"line":6,"column":42}},"6":{"start":{"line":7,"column":15},"end":{"line":7,"column":32}},"7":{"start":{"line":8,"column":22},"end":{"line":8,"column":48}},"8":{"start":{"line":13,"column":0},"end":{"line":46,"column":3}},"9":{"start":{"line":14,"column":2},"end":{"line":45,"column":3}},"10":{"start":{"line":15,"column":19},"end":{"line":15,"column":66}},"11":{"start":{"line":16,"column":4},"end":{"line":19,"column":66}},"12":{"start":{"line":17,"column":6},"end":{"line":19,"column":66}},"13":{"start":{"line":21,"column":34},"end":{"line":21,"column":42}},"14":{"start":{"line":24,"column":17},"end":{"line":24,"column":57}},"15":{"start":{"line":25,"column":4},"end":{"line":26,"column":78}},"16":{"start":{"line":26,"column":6},"end":{"line":26,"column":78}},"17":{"start":{"line":28,"column":17},"end":{"line":28,"column":29}},"18":{"start":{"line":30,"column":17},"end":{"line":35,"column":6}},"19":{"start":{"line":36,"column":4},"end":{"line":36,"column":16}},"20":{"start":{"line":38,"column":4},"end":{"line":38,"column":43}},"21":{"start":{"line":39,"column":4},"end":{"line":39,"column":16}},"22":{"start":{"line":41,"column":4},"end":{"line":41,"column":46}},"23":{"start":{"line":43,"column":4},"end":{"line":43,"column":25}},"24":{"start":{"line":44,"column":4},"end":{"line":44,"column":71}},"25":{"start":{"line":48,"column":0},"end":{"line":48,"column":24}}},"fnMap":{"0":{"name":"(anonymous_0)","decl":{"start":{"line":13,"column":51},"end":{"line":13,"column":52}},"loc":{"start":{"line":13,"column":71},"end":{"line":46,"column":1}},"line":13}},"branchMap":{"0":{"loc":{"start":{"line":16,"column":4},"end":{"line":19,"column":66}},"type":"if","locations":[{"start":{"line":16,"column":4},"end":{"line":19,"column":66}},{"start":{"line":16,"column":4},"end":{"line":19,"column":66}}],"line":16},"1":{"loc":{"start":{"line":25,"column":4},"end":{"line":26,"column":78}},"type":"if","locations":[{"start":{"line":25,"column":4},"end":{"line":26,"column":78}},{"start":{"line":25,"column":4},"end":{"line":26,"column":78}}],"line":25}},"s":{"0":2,"1":2,"2":2,"3":2,"4":2,"5":2,"6":2,"7":2,"8":2,"9":2,"10":2,"11":2,"12":1,"13":1,"14":1,"15":1,"16":0,"17":1,"18":1,"19":1,"20":1,"21":1,"22":1,"23":0,"24":0,"25":2},"f":{"0":2},"b":{"0":[1,1],"1":[0,1]},"_coverageSchema":"1a1c01bbd47fc00a2c39e90264f33305004495a9","hash":"f7207e27e99a87ed8b12cca104f50ceaad181aab"}
,"D:\\Programming\\TODO-List\\server\\routes\\users.js": {"path":"D:\\Programming\\TODO-List\\server\\routes\\users.js","statementMap":{"0":{"start":{"line":1,"column":16},"end":{"line":1,"column":34}},"1":{"start":{"line":2,"column":15},"end":{"line":2,"column":31}},"2":{"start":{"line":3,"column":36},"end":{"line":3,"column":64}},"3":{"start":{"line":4,"column":15},"end":{"line":4,"column":32}},"4":{"start":{"line":5,"column":12},"end":{"line":5,"column":35}},"5":{"start":{"line":6,"column":13},"end":{"line":6,"column":38}},"6":{"start":{"line":7,"column":13},"end":{"line":7,"column":42}},"7":{"start":{"line":8,"column":15},"end":{"line":8,"column":32}},"8":{"start":{"line":9,"column":22},"end":{"line":9,"column":48}},"9":{"start":{"line":14,"column":0},"end":{"line":61,"column":2}},"10":{"start":{"line":23,"column":4},"end":{"line":59,"column":5}},"11":{"start":{"line":24,"column":21},"end":{"line":24,"column":68}},"12":{"start":{"line":25,"column":6},"end":{"line":28,"column":68}},"13":{"start":{"line":26,"column":8},"end":{"line":28,"column":68}},"14":{"start":{"line":30,"column":34},"end":{"line":30,"column":42}},"15":{"start":{"line":32,"column":19},"end":{"line":32,"column":48}},"16":{"start":{"line":33,"column":6},"end":{"line":36,"column":62}},"17":{"start":{"line":34,"column":8},"end":{"line":36,"column":62}},"18":{"start":{"line":39,"column":26},"end":{"line":39,"column":28}},"19":{"start":{"line":40,"column":19},"end":{"line":40,"column":70}},"20":{"start":{"line":43,"column":22},"end":{"line":46,"column":8}},"21":{"start":{"line":48,"column":6},"end":{"line":48,"column":27}},"22":{"start":{"line":51,"column":6},"end":{"line":51,"column":36}},"23":{"start":{"line":52,"column":20},"end":{"line":52,"column":56}},"24":{"start":{"line":55,"column":6},"end":{"line":55,"column":38}},"25":{"start":{"line":57,"column":6},"end":{"line":57,"column":27}},"26":{"start":{"line":58,"column":6},"end":{"line":58,"column":73}},"27":{"start":{"line":66,"column":0},"end":{"line":108,"column":2}},"28":{"start":{"line":75,"column":4},"end":{"line":106,"column":5}},"29":{"start":{"line":76,"column":21},"end":{"line":76,"column":68}},"30":{"start":{"line":77,"column":6},"end":{"line":80,"column":68}},"31":{"start":{"line":78,"column":8},"end":{"line":80,"column":68}},"32":{"start":{"line":82,"column":34},"end":{"line":82,"column":42}},"33":{"start":{"line":85,"column":19},"end":{"line":85,"column":48}},"34":{"start":{"line":86,"column":6},"end":{"line":89,"column":62}},"35":{"start":{"line":87,"column":8},"end":{"line":89,"column":62}},"36":{"start":{"line":91,"column":20},"end":{"line":91,"column":61}},"37":{"start":{"line":92,"column":6},"end":{"line":95,"column":76}},"38":{"start":{"line":93,"column":8},"end":{"line":95,"column":76}},"39":{"start":{"line":98,"column":6},"end":{"line":98,"column":33}},"40":{"start":{"line":99,"column":20},"end":{"line":99,"column":56}},"41":{"start":{"line":102,"column":6},"end":{"line":102,"column":38}},"42":{"start":{"line":104,"column":6},"end":{"line":104,"column":27}},"43":{"start":{"line":105,"column":6},"end":{"line":105,"column":73}},"44":{"start":{"line":110,"column":0},"end":{"line":110,"column":24}}},"fnMap":{"0":{"name":"(anonymous_0)","decl":{"start":{"line":22,"column":2},"end":{"line":22,"column":3}},"loc":{"start":{"line":22,"column":22},"end":{"line":60,"column":3}},"line":22},"1":{"name":"(anonymous_1)","decl":{"start":{"line":74,"column":2},"end":{"line":74,"column":3}},"loc":{"start":{"line":74,"column":22},"end":{"line":107,"column":3}},"line":74}},"branchMap":{"0":{"loc":{"start":{"line":25,"column":6},"end":{"line":28,"column":68}},"type":"if","locations":[{"start":{"line":25,"column":6},"end":{"line":28,"column":68}},{"start":{"line":25,"column":6},"end":{"line":28,"column":68}}],"line":25},"1":{"loc":{"start":{"line":33,"column":6},"end":{"line":36,"column":62}},"type":"if","locations":[{"start":{"line":33,"column":6},"end":{"line":36,"column":62}},{"start":{"line":33,"column":6},"end":{"line":36,"column":62}}],"line":33},"2":{"loc":{"start":{"line":77,"column":6},"end":{"line":80,"column":68}},"type":"if","locations":[{"start":{"line":77,"column":6},"end":{"line":80,"column":68}},{"start":{"line":77,"column":6},"end":{"line":80,"column":68}}],"line":77},"3":{"loc":{"start":{"line":86,"column":6},"end":{"line":89,"column":62}},"type":"if","locations":[{"start":{"line":86,"column":6},"end":{"line":89,"column":62}},{"start":{"line":86,"column":6},"end":{"line":89,"column":62}}],"line":86},"4":{"loc":{"start":{"line":92,"column":6},"end":{"line":95,"column":76}},"type":"if","locations":[{"start":{"line":92,"column":6},"end":{"line":95,"column":76}},{"start":{"line":92,"column":6},"end":{"line":95,"column":76}}],"line":92}},"s":{"0":2,"1":2,"2":2,"3":2,"4":2,"5":2,"6":2,"7":2,"8":2,"9":2,"10":10,"11":10,"12":10,"13":2,"14":8,"15":8,"16":8,"17":1,"18":7,"19":7,"20":7,"21":7,"22":7,"23":7,"24":7,"25":0,"26":0,"27":2,"28":4,"29":4,"30":4,"31":1,"32":3,"33":3,"34":3,"35":1,"36":2,"37":2,"38":1,"39":1,"40":1,"41":1,"42":0,"43":0,"44":2},"f":{"0":10,"1":4},"b":{"0":[2,8],"1":[1,7],"2":[1,3],"3":[1,2],"4":[1,1]},"_coverageSchema":"1a1c01bbd47fc00a2c39e90264f33305004495a9","hash":"f662bd744b7fb3d5a8fa14f25d3152591072b83f"}
}
