TN:
SF:server.js
FN:17,(anonymous_0)
FN:26,(anonymous_1)
FN:27,(anonymous_2)
FNF:3
FNH:0
FNDA:0,(anonymous_0)
FNDA:0,(anonymous_1)
FNDA:0,(anonymous_2)
DA:1,2
DA:3,2
DA:4,2
DA:5,2
DA:9,2
DA:12,2
DA:13,2
DA:15,2
DA:16,2
DA:17,0
DA:18,0
DA:21,0
DA:26,0
DA:28,0
DA:29,0
DA:33,2
LF:16
LH:10
BRDA:15,0,0,2
BRDA:15,0,1,2
BRDA:16,1,0,0
BRDA:16,1,1,2
BRF:4
BRH:3
end_of_record
TN:
SF:middleware\auth.js
FN:5,(anonymous_0)
FNF:1
FNH:1
FNDA:4,(anonymous_0)
DA:2,2
DA:3,2
DA:5,2
DA:6,4
DA:8,4
DA:9,4
DA:10,1
DA:13,3
DA:14,2
DA:15,2
DA:17,1
DA:18,1
DA:20,0
DA:21,0
DA:25,2
LF:15
LH:13
BRDA:9,0,0,1
BRDA:9,0,1,3
BRDA:17,1,0,1
BRDA:17,1,1,0
BRF:4
BRH:3
end_of_record
TN:
SF:models\Todo.js
FNF:0
FNH:0
DA:1,2
DA:2,2
DA:3,2
DA:10,2
DA:11,2
LF:5
LH:5
BRF:0
BRH:0
end_of_record
TN:
SF:models\User.js
FNF:0
FNH:0
DA:1,2
DA:2,2
DA:3,2
DA:9,2
DA:10,2
LF:5
LH:5
BRF:0
BRH:0
end_of_record
TN:
SF:routes\errorFormater.js
FN:1,(anonymous_0)
FNF:1
FNH:1
FNDA:7,(anonymous_0)
DA:1,2
DA:2,7
DA:5,2
LF:3
LH:3
BRF:0
BRH:0
end_of_record
TN:
SF:routes\todo.js
FN:13,(anonymous_0)
FNF:1
FNH:1
FNDA:2,(anonymous_0)
DA:1,2
DA:2,2
DA:3,2
DA:4,2
DA:5,2
DA:6,2
DA:7,2
DA:8,2
DA:13,2
DA:14,2
DA:15,2
DA:16,2
DA:17,1
DA:21,1
DA:24,1
DA:25,1
DA:26,0
DA:28,1
DA:30,1
DA:36,1
DA:38,1
DA:39,1
DA:41,1
DA:43,0
DA:44,0
DA:48,2
LF:26
LH:23
BRDA:16,0,0,1
BRDA:16,0,1,1
BRDA:25,1,0,0
BRDA:25,1,1,1
BRF:4
BRH:3
end_of_record
TN:
SF:routes\users.js
FN:22,(anonymous_0)
FN:74,(anonymous_1)
FNF:2
FNH:2
FNDA:10,(anonymous_0)
FNDA:4,(anonymous_1)
DA:1,2
DA:2,2
DA:3,2
DA:4,2
DA:5,2
DA:6,2
DA:7,2
DA:8,2
DA:9,2
DA:14,2
DA:23,10
DA:24,10
DA:25,10
DA:26,2
DA:30,8
DA:32,8
DA:33,8
DA:34,1
DA:39,7
DA:40,7
DA:43,7
DA:48,7
DA:51,7
DA:52,7
DA:55,7
DA:57,0
DA:58,0
DA:66,2
DA:75,4
DA:76,4
DA:77,4
DA:78,1
DA:82,3
DA:85,3
DA:86,3
DA:87,1
DA:91,2
DA:92,2
DA:93,1
DA:98,1
DA:99,1
DA:102,1
DA:104,0
DA:105,0
DA:110,2
LF:45
LH:41
BRDA:25,0,0,2
BRDA:25,0,1,8
BRDA:33,1,0,1
BRDA:33,1,1,7
BRDA:77,2,0,1
BRDA:77,2,1,3
BRDA:86,3,0,1
BRDA:86,3,1,2
BRDA:92,4,0,1
BRDA:92,4,1,1
BRF:10
BRH:10
end_of_record
